Bottom water temperature: 3.2119008295222087 3.2119008295222087
Deep water temperature: 5.533188692873841
Deepest ocean level index: 34
Depth there: 3757.30908203125
Any BW below that depth? False
<xarray.DataArray 'nav_lat' (nav_lat: 797, nav_lon: 242)> Size: 771kB
array([[-70.023254, -70.023254, -70.023254, ..., -70.023254, -70.023254,
        -70.023254],
       [-69.93767 , -69.93767 , -69.93767 , ..., -69.93767 , -69.93767 ,
        -69.93767 ],
       [-69.85174 , -69.85174 , -69.85174 , ..., -69.85174 , -69.85174 ,
        -69.85174 ],
       ...,
       [ 69.85174 ,  69.85174 ,  69.85174 , ...,  69.85174 ,  69.85174 ,
         69.85174 ],
       [ 69.93767 ,  69.93767 ,  69.93767 , ...,  69.93767 ,  69.93767 ,
         69.93767 ],
       [ 70.023254,  70.023254,  70.023254, ...,  70.023254,  70.023254,
         70.023254]], shape=(797, 242), dtype=float32)
Coordinates:
    nav_lon  (nav_lat, nav_lon) float32 771kB -0.125 0.125 0.375 ... 59.88 60.12
    nav_lat  (nav_lat, nav_lon) float32 771kB -70.02 -70.02 ... 70.02 70.02
